Release 14.7 - xst P.20131013 (nt64)
Copyright (c) 1995-2013 Xilinx, Inc.  All rights reserved.
--> Parameter TMPDIR set to xst/projnav.tmp


Total REAL time to Xst completion: 1.00 secs
Total CPU time to Xst completion: 0.52 secs
 
--> Parameter xsthdpdir set to xst


Total REAL time to Xst completion: 1.00 secs
Total CPU time to Xst completion: 0.52 secs
 
--> Reading design: esquema_reloj.prj

TABLE OF CONTENTS
  1) Synthesis Options Summary
  2) HDL Compilation
  3) Design Hierarchy Analysis
  4) HDL Analysis
  5) HDL Synthesis
     5.1) HDL Synthesis Report
  6) Advanced HDL Synthesis
     6.1) Advanced HDL Synthesis Report
  7) Low Level Synthesis
  8) Partition Report
  9) Final Report
	9.1) Device utilization summary
	9.2) Partition Resource Summary
	9.3) TIMING REPORT


=========================================================================
*                      Synthesis Options Summary                        *
=========================================================================
---- Source Parameters
Input File Name                    : "esquema_reloj.prj"
Input Format                       : mixed
Ignore Synthesis Constraint File   : NO

---- Target Parameters
Output File Name                   : "esquema_reloj"
Output Format                      : NGC
Target Device                      : xc3s200-5-vq100

---- Source Options
Top Module Name                    : esquema_reloj
Automatic FSM Extraction           : YES
FSM Encoding Algorithm             : Auto
Safe Implementation                : No
FSM Style                          : LUT
RAM Extraction                     : Yes
RAM Style                          : Auto
ROM Extraction                     : Yes
Mux Style                          : Auto
Decoder Extraction                 : YES
Priority Encoder Extraction        : Yes
Shift Register Extraction          : YES
Logical Shifter Extraction         : YES
XOR Collapsing                     : YES
ROM Style                          : Auto
Mux Extraction                     : Yes
Resource Sharing                   : YES
Asynchronous To Synchronous        : NO
Multiplier Style                   : Auto
Automatic Register Balancing       : No

---- Target Options
Add IO Buffers                     : YES
Global Maximum Fanout              : 100000
Add Generic Clock Buffer(BUFG)     : 8
Register Duplication               : YES
Slice Packing                      : YES
Optimize Instantiated Primitives   : NO
Use Clock Enable                   : Yes
Use Synchronous Set                : Yes
Use Synchronous Reset              : Yes
Pack IO Registers into IOBs        : Auto
Equivalent register Removal        : YES

---- General Options
Optimization Goal                  : Speed
Optimization Effort                : 1
Keep Hierarchy                     : No
Netlist Hierarchy                  : As_Optimized
RTL Output                         : Yes
Global Optimization                : AllClockNets
Read Cores                         : YES
Write Timing Constraints           : NO
Cross Clock Analysis               : NO
Hierarchy Separator                : /
Bus Delimiter                      : <>
Case Specifier                     : Maintain
Slice Utilization Ratio            : 100
BRAM Utilization Ratio             : 100
Verilog 2001                       : YES
Auto BRAM Packing                  : NO
Slice Utilization Ratio Delta      : 5

=========================================================================


=========================================================================
*                          HDL Compilation                              *
=========================================================================
Compiling vhdl file "C:/Users/kevin/Documents/GitHub/Diseno_digital/Proyecto_2_Parte_2/contador.vhd" in Library work.
Architecture behavioral of Entity contador is up to date.
Compiling vhdl file "C:/Users/kevin/Documents/GitHub/Diseno_digital/Proyecto_2_Parte_2/esquema_reloj.vhf" in Library work.
Entity <esquema_reloj> compiled.
Entity <esquema_reloj> (Architecture <BEHAVIORAL>) compiled.

=========================================================================
*                     Design Hierarchy Analysis                         *
=========================================================================
Analyzing hierarchy for entity <esquema_reloj> in library <work> (architecture <BEHAVIORAL>).

Analyzing hierarchy for entity <contador> in library <work> (architecture <behavioral>).


=========================================================================
*                            HDL Analysis                               *
=========================================================================
Analyzing Entity <esquema_reloj> in library <work> (Architecture <BEHAVIORAL>).
Entity <esquema_reloj> analyzed. Unit <esquema_reloj> generated.

Analyzing Entity <contador> in library <work> (Architecture <behavioral>).
Entity <contador> analyzed. Unit <contador> generated.


=========================================================================
*                           HDL Synthesis                               *
=========================================================================

Performing bidirectional port resolution...

Synthesizing Unit <contador>.
    Related source file is "C:/Users/kevin/Documents/GitHub/Diseno_digital/Proyecto_2_Parte_2/contador.vhd".
    Found 4-bit up counter for signal <cnt_tmp>.
    Summary:
	inferred   1 Counter(s).
Unit <contador> synthesized.


Synthesizing Unit <esquema_reloj>.
    Related source file is "C:/Users/kevin/Documents/GitHub/Diseno_digital/Proyecto_2_Parte_2/esquema_reloj.vhf".
Unit <esquema_reloj> synthesized.


=========================================================================
HDL Synthesis Report

Macro Statistics
# Counters                                             : 1
 4-bit up counter                                      : 1

=========================================================================

=========================================================================
*                       Advanced HDL Synthesis                          *
=========================================================================


=========================================================================
Advanced HDL Synthesis Report

Macro Statistics
# Counters                                             : 1
 4-bit up counter                                      : 1

=========================================================================

=========================================================================
*                         Low Level Synthesis                           *
=========================================================================

Optimizing unit <esquema_reloj> ...

Mapping all equations...
Building and optimizing final netlist ...
Found area constraint ratio of 100 (+ 5) on block esquema_reloj, actual ratio is 0.

Final Macro Processing ...

=========================================================================
Final Register Report

Macro Statistics
# Registers                                            : 4
 Flip-Flops                                            : 4

=========================================================================

=========================================================================
*                           Partition Report                            *
=========================================================================

Partition Implementation Status
-------------------------------

  No Partitions were found in this design.

-------------------------------

=========================================================================
*                            Final Report                               *
=========================================================================
Final Results
RTL Top Level Output File Name     : esquema_reloj.ngr
Top Level Output File Name         : esquema_reloj
Output Format                      : NGC
Optimization Goal                  : Speed
Keep Hierarchy                     : No

Design Statistics
# IOs                              : 11

Cell Usage :
# BELS                             : 14
#      LUT2                        : 4
#      LUT2_L                      : 1
#      LUT3                        : 5
#      LUT3_L                      : 1
#      LUT4                        : 3
# FlipFlops/Latches                : 4
#      FDCP                        : 4
# Clock Buffers                    : 1
#      BUFGP                       : 1
# IO Buffers                       : 10
#      IBUF                        : 6
#      OBUF                        : 4
=========================================================================

Device utilization summary:
---------------------------

Selected Device : 3s200vq100-5 

 Number of Slices:                        8  out of   1920     0%  
 Number of Slice Flip Flops:              4  out of   3840     0%  
 Number of 4 input LUTs:                 14  out of   3840     0%  
 Number of IOs:                          11
 Number of bonded IOBs:                  11  out of     63    17%  
 Number of GCLKs:                         1  out of      8    12%  

---------------------------
Partition Resource Summary:
---------------------------

  No Partitions were found in this design.

---------------------------


=========================================================================
TIMING REPORT

NOTE: THESE TIMING NUMBERS ARE ONLY A SYNTHESIS ESTIMATE.
      FOR ACCURATE TIMING INFORMATION PLEASE REFER TO THE TRACE REPORT
      GENERATED AFTER PLACE-and-ROUTE.

Clock Information:
------------------
-----------------------------------+------------------------+-------+
Clock Signal                       | Clock buffer(FF name)  | Load  |
-----------------------------------+------------------------+-------+
XLXN_35                            | BUFGP                  | 4     |
-----------------------------------+------------------------+-------+

Asynchronous Control Signals Information:
----------------------------------------
-------------------------------------------------------+------------------------+-------+
Control Signal                                         | Buffer(FF name)        | Load  |
-------------------------------------------------------+------------------------+-------+
XLXI_6/cnt_tmp_0__and0000(XLXI_6/cnt_tmp_0__and00001:O)| NONE(XLXI_6/cnt_tmp_0) | 1     |
XLXI_6/cnt_tmp_0__or0000(XLXI_6/cnt_tmp_0__or00001:O)  | NONE(XLXI_6/cnt_tmp_0) | 1     |
XLXI_6/cnt_tmp_1__and0000(XLXI_6/cnt_tmp_1__and00001:O)| NONE(XLXI_6/cnt_tmp_1) | 1     |
XLXI_6/cnt_tmp_1__or0000(XLXI_6/cnt_tmp_1__or00001:O)  | NONE(XLXI_6/cnt_tmp_1) | 1     |
XLXI_6/cnt_tmp_2__and0000(XLXI_6/cnt_tmp_2__and00001:O)| NONE(XLXI_6/cnt_tmp_2) | 1     |
XLXI_6/cnt_tmp_2__or0000(XLXI_6/cnt_tmp_2__or00001:O)  | NONE(XLXI_6/cnt_tmp_2) | 1     |
XLXI_6/cnt_tmp_3__and0000(XLXI_6/cnt_tmp_3__and00001:O)| NONE(XLXI_6/cnt_tmp_3) | 1     |
XLXI_6/cnt_tmp_3__or0000(XLXI_6/cnt_tmp_3__or00001:O)  | NONE(XLXI_6/cnt_tmp_3) | 1     |
-------------------------------------------------------+------------------------+-------+

Timing Summary:
---------------
Speed Grade: -5

   Minimum period: 2.957ns (Maximum Frequency: 338.129MHz)
   Minimum input arrival time before clock: 2.615ns
   Maximum output required time after clock: 6.318ns
   Maximum combinational path delay: No path found

Timing Detail:
--------------
All values displayed in nanoseconds (ns)

=========================================================================
Timing constraint: Default period analysis for Clock 'XLXN_35'
  Clock period: 2.957ns (frequency: 338.129MHz)
  Total number of paths / destination ports: 10 / 4
-------------------------------------------------------------------------
Delay:               2.957ns (Levels of Logic = 2)
  Source:            XLXI_6/cnt_tmp_1 (FF)
  Destination:       XLXI_6/cnt_tmp_2 (FF)
  Source Clock:      XLXN_35 rising
  Destination Clock: XLXN_35 rising

  Data Path: XLXI_6/cnt_tmp_1 to XLXI_6/cnt_tmp_2
                                Gate     Net
    Cell:in->out      fanout   Delay   Delay  Logical Name (Net Name)
    ----------------------------------------  ------------
     FDCP:C->Q             4   0.626   1.074  XLXI_6/cnt_tmp_1 (XLXI_6/cnt_tmp_1)
     LUT2_L:I0->LO         1   0.479   0.123  XLXI_6/cnt_tmp_Q_mux0000<2>_SW0 (N01)
     LUT4:I3->O            1   0.479   0.000  XLXI_6/cnt_tmp_Q_mux0000<2> (XLXI_6/cnt_tmp_Q_mux0000<2>)
     FDCP:D                    0.176          XLXI_6/cnt_tmp_2
    ----------------------------------------
    Total                      2.957ns (1.760ns logic, 1.197ns route)
                                       (59.5% logic, 40.5% route)

=========================================================================
Timing constraint: Default OFFSET IN BEFORE for Clock 'XLXN_35'
  Total number of paths / destination ports: 8 / 4
-------------------------------------------------------------------------
Offset:              2.615ns (Levels of Logic = 2)
  Source:            XLXN_28 (PAD)
  Destination:       XLXI_6/cnt_tmp_0 (FF)
  Destination Clock: XLXN_35 rising

  Data Path: XLXN_28 to XLXI_6/cnt_tmp_0
                                Gate     Net
    Cell:in->out      fanout   Delay   Delay  Logical Name (Net Name)
    ----------------------------------------  ------------
     IBUF:I->O            12   0.715   1.245  XLXN_28_IBUF (XLXN_28_IBUF)
     LUT3:I0->O            1   0.479   0.000  XLXI_6/cnt_tmp_Q_mux0000<0>1 (XLXI_6/cnt_tmp_Q_mux0000<0>)
     FDCP:D                    0.176          XLXI_6/cnt_tmp_0
    ----------------------------------------
    Total                      2.615ns (1.370ns logic, 1.245ns route)
                                       (52.4% logic, 47.6% route)

=========================================================================
Timing constraint: Default OFFSET OUT AFTER for Clock 'XLXN_35'
  Total number of paths / destination ports: 4 / 4
-------------------------------------------------------------------------
Offset:              6.318ns (Levels of Logic = 1)
  Source:            XLXI_6/cnt_tmp_0 (FF)
  Destination:       XLXN_31 (PAD)
  Source Clock:      XLXN_35 rising

  Data Path: XLXI_6/cnt_tmp_0 to XLXN_31
                                Gate     Net
    Cell:in->out      fanout   Delay   Delay  Logical Name (Net Name)
    ----------------------------------------  ------------
     FDCP:C->Q             5   0.626   0.783  XLXI_6/cnt_tmp_0 (XLXI_6/cnt_tmp_0)
     OBUF:I->O                 4.909          XLXN_31_OBUF (XLXN_31)
    ----------------------------------------
    Total                      6.318ns (5.535ns logic, 0.783ns route)
                                       (87.6% logic, 12.4% route)

=========================================================================


Total REAL time to Xst completion: 22.00 secs
Total CPU time to Xst completion: 21.50 secs
 
--> 

Total memory usage is 4516376 kilobytes

Number of errors   :    0 (   0 filtered)
Number of warnings :    0 (   0 filtered)
Number of infos    :    0 (   0 filtered)

