Running: C:\Xilinx\14.7\ISE_DS\ISE\bin\nt64\unwrapped\fuse.exe -intstyle ise -incremental -o C:/Users/kevin/Documents/GitHub/Diseno_digital/Proyecto_2_Parte_2/esquema_reloj_isim_beh.exe -prj C:/Users/kevin/Documents/GitHub/Diseno_digital/Proyecto_2_Parte_2/esquema_reloj_beh.prj work.esquema_reloj 
ISim P.20131013 (signature 0x7708f090)
Number of CPUs detected in this system: 4
Turning on mult-threading, number of parallel sub-compilation jobs: 8 
Determining compilation order of HDL files
Parsing VHDL file "C:/Users/kevin/Documents/GitHub/Diseno_digital/Proyecto_2_Parte_2/Cont_Min_U.vhd" into library work
Parsing VHDL file "C:/Users/kevin/Documents/GitHub/Diseno_digital/Proyecto_2_Parte_2/Cont_Min_D.vhd" into library work
Parsing VHDL file "C:/Users/kevin/Documents/GitHub/Diseno_digital/Proyecto_2_Parte_2/Cont_Hrs_U.vhd" into library work
Parsing VHDL file "C:/Users/kevin/Documents/GitHub/Diseno_digital/Proyecto_2_Parte_2/Cont_Hrs_D.vhd" into library work
Parsing VHDL file "C:/Users/kevin/Documents/GitHub/Diseno_digital/Proyecto_2_Parte_2/esquema_reloj.vhf" into library work
Starting static elaboration
Completed static elaboration
Compiling package standard
Compiling package std_logic_1164
Compiling package numeric_std
Compiling package vcomponents
Compiling package std_logic_arith
Compiling package std_logic_unsigned
Compiling architecture inv_v of entity INV [inv_default]
Compiling architecture and4_v of entity AND4 [and4_default]
Compiling architecture behavioral of entity Cont_Min_U [cont_min_u_default]
Compiling architecture behavioral of entity Cont_Min_D [cont_min_d_default]
Compiling architecture behavioral of entity Cont_Hrs_U [cont_hrs_u_default]
Compiling architecture behavioral of entity Cont_Hrs_D [cont_hrs_d_default]
Compiling architecture behavioral of entity esquema_reloj
Time Resolution for simulation is 1ps.
Waiting for 5 sub-compilation(s) to finish...
Compiled 19 VHDL Units
Built simulation executable C:/Users/kevin/Documents/GitHub/Diseno_digital/Proyecto_2_Parte_2/esquema_reloj_isim_beh.exe
Fuse Memory Usage: 48972 KB
Fuse CPU Usage: 2375 ms
