ISim log file
Running: C:\Users\kevin\Documents\GitHub\Diseno_digital\Proyecto_2_Parte_2\esquema_reloj_isim_beh.exe -intstyle ise -gui -tclbatch isim.cmd -wdb C:/Users/kevin/Documents/GitHub/Diseno_digital/Proyecto_2_Parte_2/esquema_reloj_isim_beh.wdb 
ISim P.20131013 (signature 0x7708f090)
This is a Full version of ISim.
Time resolution is 1 ps
# onerror resume
# wave add /
# run 1000 ns
Simulator is doing circuit initialization process.
Finished circuit initialization process.
# isim force add /esquema_reloj/xlxn_15 1 -radix bin -value 0 -radix bin -time 500 ns -repeat 1 us
# run 1.00us
# run 1.00us
# run 1.00us
# run 1.00us
# run 1.00us
# run 1.00us
# run 1.00us
# run 1.00us
# run 1.00us
# run 1.00us
# run 1.00us
# run 1.00us
# run 1.00us
# run 1.00us
# run 1.00us
# run 1.00us
# run 1.00us
# run 1.00us
# run 1.00us
# run 1.00us
# run all
Stopped at time : 3200580500 ns : File "C:/Users/kevin/Documents/GitHub/Diseno_digital/Proyecto_2_Parte_2/Cont_Min_U.vhd" Line 24
