ISim log file
Running: E:\Users\Usuario\GitHub\Diseno_digital\Proyecto2_Parte2\CONTADOR_0_TO_9_isim_beh.exe -intstyle ise -gui -tclbatch isim.cmd -wdb E:/Users/Usuario/GitHub/Diseno_digital/Proyecto2_Parte2/CONTADOR_0_TO_9_isim_beh.wdb 
ISim P.20131013 (signature 0x7708f090)
This is a Full version of ISim.
Time resolution is 1 ps
# onerror resume
# wave add /
# run 1000 ns
Simulator is doing circuit initialization process.
Finished circuit initialization process.
# isim force add /contador_0_to_9/clk 1 -radix bin -value 0 -radix bin -time 500 ns -repeat 1 us
# run all
Stopped at time : 3819512 us : File "E:/Users/Usuario/GitHub/Diseno_digital/Proyecto2_Parte2/CONTADOR_0_TO_9.vhd" Line 41
# isim force add /contador_0_to_9/ini 1 -radix bin
# run all
Stopped at time : 9396224 us : File "E:/Users/Usuario/GitHub/Diseno_digital/Proyecto2_Parte2/CONTADOR_0_TO_9.vhd" Line 41
ISim P.20131013 (signature 0x7708f090)
This is a Full version of ISim.
# run 1000 ns
Simulator is doing circuit initialization process.
Finished circuit initialization process.
# run all
# run all
# run 1.00us
# run 1.00us
# run 1.00us
# isim force add /contador_0_to_9/clk 1 -radix bin -value 0 -radix bin -time 500 ns -repeat 1 us
# isim force add /contador_0_to_9/ini 1 -radix bin
# run 1.00us
# run 1.00us
# run 1.00us
# run 1.00us
# run 1.00us
# run 1.00us
# run 1.00us
# run 1.00us
# run 1.00us
# run 1.00us
# run 1.00us
# run 1.00us
# run 1.00us
# run 1.00us
# run 1.00us
# run 1.00us
