--------------------------------------------------------------------------------
Release 14.7 Trace  (nt64)
Copyright (c) 1995-2013 Xilinx, Inc.  All rights reserved.

C:\Xilinx\14.7\ISE_DS\ISE\bin\nt64\unwrapped\trce.exe -intstyle ise -v 3 -s 5
-n 3 -fastpaths -xml codigo.twx codigo.ncd -o codigo.twr codigo.pcf

Design file:              codigo.ncd
Physical constraint file: codigo.pcf
Device,package,speed:     xc3s200,vq100,-5 (PRODUCTION 1.39 2013-10-13)
Report level:             verbose report

Environment Variable      Effect 
--------------------      ------ 
NONE                      No environment variables were set
--------------------------------------------------------------------------------

INFO:Timing:2698 - No timing constraints found, doing default enumeration.
INFO:Timing:3412 - To improve timing, see the Timing Closure User Guide (UG612).
INFO:Timing:2752 - To get complete path coverage, use the unconstrained paths 
   option. All paths that are not constrained will be reported in the 
   unconstrained paths section(s) of the report.
INFO:Timing:3339 - The clock-to-out numbers in this timing report are based on 
   a 50 Ohm transmission line loading model.  For the details of this model, 
   and for more information on accounting for different loading conditions, 
   please see the device datasheet.
INFO:Timing:3390 - This architecture does not support a default System Jitter 
   value, please add SYSTEM_JITTER constraint to the UCF to modify the Clock 
   Uncertainty calculation.
INFO:Timing:3389 - This architecture does not support 'Discrete Jitter' and 
   'Phase Error' calculations, these terms will be zero in the Clock 
   Uncertainty calculation.  Please make appropriate modification to 
   SYSTEM_JITTER to account for the unsupported Discrete Jitter and Phase 
   Error.



Data Sheet report:
-----------------
All values displayed in nanoseconds (ns)

Pad to Pad
---------------+---------------+---------+
Source Pad     |Destination Pad|  Delay  |
---------------+---------------+---------+
B0             |A              |    6.890|
B0             |D              |    7.486|
B0             |F              |    6.760|
B0             |G              |    7.119|
B1             |A              |    6.979|
B1             |B              |    7.712|
B1             |C              |    8.346|
B1             |D              |    7.643|
B1             |E              |    7.227|
B1             |F              |    6.604|
B1             |G              |    6.915|
B2             |A              |    6.617|
B2             |B              |    7.804|
B2             |C              |    8.506|
B2             |D              |    7.177|
B2             |E              |    7.421|
B2             |F              |    6.803|
B2             |G              |    6.826|
B3             |A              |    7.269|
B3             |B              |    7.131|
B3             |C              |    7.729|
B3             |D              |    7.760|
B3             |E              |    8.046|
B3             |F              |    7.362|
B3             |G              |    7.095|
---------------+---------------+---------+


Analysis completed Mon Oct 26 18:57:13 2020 
--------------------------------------------------------------------------------

Trace Settings:
-------------------------
Trace Settings 

Peak Memory Usage: 4473 MB



