ISim log file
Running: C:\Users\kevin\Documents\lab\Practica8\codigo_isim_beh.exe -intstyle ise -gui -tclbatch isim.cmd -wdb C:/Users/kevin/Documents/lab/Practica8/codigo_isim_beh.wdb 
ISim P.20131013 (signature 0x7708f090)
This is a Full version of ISim.
Time resolution is 1 ps
# onerror resume
# wave add /
# run 1000 ns
Simulator is doing circuit initialization process.
Finished circuit initialization process.
# run all
# run all
# run 1.00us
# run 1.00us
# run 1.00us
# run 1.00us
# isim force add /codigo/b3 1 -radix bin -value 0 -radix bin -time 500 ns -repeat 1 us
# isim force add /codigo/b2 1 -radix bin -value 0 -radix bin -time 1 us -repeat 2 us
# isim force add /codigo/b1 1 -radix bin -value 0 -radix bin -time 2 us -repeat 4 us
# isim force add /codigo/b0 1 -radix bin -value 0 -radix bin -time 4 us -repeat 8 us
# run 1.00us
# run 1.00us
# run 1.00us
# run 1.00us
# run 1.00us
# run 1.00us
# run 1.00us
# run 1.00us
# run 1.00us
# run 1.00us
# run 1.00us
# run 1.00us
# run 1.00us
