ISim log file
Running: E:\Alu_4bits\Alu_4bits_isim_beh.exe -intstyle ise -gui -tclbatch isim.cmd -wdb E:/Alu_4bits/Alu_4bits_isim_beh.wdb 
ISim P.20131013 (signature 0x7708f090)
This is a Full version of ISim.
Time resolution is 1 ps
# onerror resume
# wave add /
# run 1000 ns
Simulator is doing circuit initialization process.
Finished circuit initialization process.
# isim force add /alu_4bits/datoa 8 -radix hex
# isim force add /alu_4bits/datob 5 -radix hex
# isim force add /alu_4bits/datob 5 -radix hex
# run 1.00us
# isim force add /alu_4bits/datoa 1111 -radix bin
# isim force add /alu_4bits/datob 0000 -radix bin
# isim force add /alu_4bits/datob 0000 -radix bin
# run 1.00us
# isim force add /alu_4bits/datoa 1011 -radix bin
# isim force add /alu_4bits/datoa 1011 -radix bin
# isim force add /alu_4bits/datob 0100 -radix bin
# isim force add /alu_4bits/datob 0100 -radix bin
# run 1.00us
# run 1.00us
# run 1.00us
