ISim log file
Running: E:\Users\Usuario\GitHub\Diseno_digital\Proyecto2_parte3\RljC_Min_U_isim_beh.exe -intstyle ise -gui -tclbatch isim.cmd -wdb E:/Users/Usuario/GitHub/Diseno_digital/Proyecto2_parte3/RljC_Min_U_isim_beh.wdb 
ISim P.20131013 (signature 0x7708f090)
This is a Full version of ISim.
Time resolution is 1 ps
# onerror resume
# wave add /
# run 1000 ns
Simulator is doing circuit initialization process.
Finished circuit initialization process.
# isim force add /rljc_min_u/clk 1 -radix bin -value 0 -radix bin -time 500 ns -repeat 1 us
# run 1.00us
# run 1.00us
# run 1.00us
# run 1.00us
# run 1.00us
# run 1.00us
# run 1.00us
# run 1.00us
# run 1.00us
# run 1.00us
# run 1.00us
# run 1.00us
# run 1.00us
# run 1.00us
