ISim log file
Running: E:\Users\Usuario\GitHub\Diseno_digital\lab3\lab_3_isim_beh.exe -intstyle ise -gui -tclbatch isim.cmd -wdb E:/Users/Usuario/GitHub/Diseno_digital/lab3/lab_3_isim_beh.wdb 
ISim P.20131013 (signature 0x7708f090)
This is a Full version of ISim.
Time resolution is 1 ps
# onerror resume
# wave add /
# run 1000 ns
Simulator is doing circuit initialization process.
Finished circuit initialization process.
# run all
# run 1.00us
# isim force add /lab_3/s0 1 -radix bin -value 0 -radix bin -time 5 us -repeat 10 us
# isim force add /lab_3/s1 1 -radix bin -value 0 -radix bin -time 5 us -repeat 10 us
# isim force add /lab_3/s0 1 -radix bin -value 0 -radix bin -time 10 us -repeat 20 us
# isim force add /lab_3/i0 1 -radix bin -value 0 -radix bin -time 500 ns -repeat 1 us
# isim force add /lab_3/i1 1 -radix bin -value 0 -radix bin -time 1 us -repeat 2 us
# isim force add /lab_3/i2 1 -radix bin -value 0 -radix bin -time 2 us -repeat 4 us
# isim force add /lab_3/i3 1 -radix bin -value 0 -radix bin -time 4 us -repeat 8 us
# run 1.00us
# run all
Stopped at time : 5079107 us : File "E:/Users/Usuario/GitHub/Diseno_digital/lab3/lab_3.vhd" Line 14
# run 1.00us
# run 1.00us
# run 1.00us
# run 1.00us
# run 1.00us
# run 1.00us
# run 1.00us
# run 1.00us
# run 1.00us
# run 1.00us
# run 1.00us
# run all
Stopped at time : 5569245 us : File "E:/Users/Usuario/GitHub/Diseno_digital/lab3/lab_3.vhd" Line 14
